     Creating library G:\DevData\school\GridstateEngine\Debug\GridstateEngine.lib and object G:\DevData\school\GridstateEngine\Debug\GridstateEngine.exp
GameObjList.obj : error LNK2019: unresolved external symbol "public: __thiscall GameObj::GameObj(void)" (??0GameObj@@QAE@XZ) referenced in function "public: class GameObj __thiscall GameObjList::getGameObj(int)const " (?getGameObj@GameObjList@@QBE?AVGameObj@@H@Z)
main.obj : error LNK2019: unresolved external symbol _glfwInit referenced in function "int __cdecl NsMain(int,char * *)" (?NsMain@@YAHHPAPAD@Z)
main.obj : error LNK2019: unresolved external symbol _glfwTerminate referenced in function "int __cdecl NsMain(int,char * *)" (?NsMain@@YAHHPAPAD@Z)
main.obj : error LNK2019: unresolved external symbol _glfwWindowHint referenced in function "int __cdecl NsMain(int,char * *)" (?NsMain@@YAHHPAPAD@Z)
main.obj : error LNK2019: unresolved external symbol _glfwCreateWindow referenced in function "int __cdecl NsMain(int,char * *)" (?NsMain@@YAHHPAPAD@Z)
main.obj : error LNK2019: unresolved external symbol _glfwWindowShouldClose referenced in function "int __cdecl NsMain(int,char * *)" (?NsMain@@YAHHPAPAD@Z)
main.obj : error LNK2019: unresolved external symbol _glfwGetFramebufferSize referenced in function "int __cdecl NsMain(int,char * *)" (?NsMain@@YAHHPAPAD@Z)
main.obj : error LNK2019: unresolved external symbol _glfwPollEvents referenced in function "int __cdecl NsMain(int,char * *)" (?NsMain@@YAHHPAPAD@Z)
main.obj : error LNK2019: unresolved external symbol _glfwGetKey referenced in function "int __cdecl NsMain(int,char * *)" (?NsMain@@YAHHPAPAD@Z)
main.obj : error LNK2019: unresolved external symbol _glfwGetMouseButton referenced in function "int __cdecl NsMain(int,char * *)" (?NsMain@@YAHHPAPAD@Z)
main.obj : error LNK2019: unresolved external symbol _glfwGetCursorPos referenced in function "int __cdecl NsMain(int,char * *)" (?NsMain@@YAHHPAPAD@Z)
main.obj : error LNK2019: unresolved external symbol _glfwMakeContextCurrent referenced in function "int __cdecl NsMain(int,char * *)" (?NsMain@@YAHHPAPAD@Z)
main.obj : error LNK2019: unresolved external symbol _glfwSwapBuffers referenced in function "int __cdecl NsMain(int,char * *)" (?NsMain@@YAHHPAPAD@Z)
main.obj : error LNK2019: unresolved external symbol _glfwGetProcAddress referenced in function "int __cdecl NsMain(int,char * *)" (?NsMain@@YAHHPAPAD@Z)
main.obj : error LNK2019: unresolved external symbol "__declspec(dllimport) public: static void * __cdecl Noesis::BaseObject::operator new(unsigned int)" (__imp_??2BaseObject@Noesis@@SAPAXI@Z) referenced in function "class Noesis::Ptr<class NoesisApp::LocalFontProvider> __cdecl Noesis::MakePtr<class NoesisApp::LocalFontProvider,char const (&)[15]>(char const (&)[15])" (??$MakePtr@VLocalFontProvider@NoesisApp@@AAY0P@$$CBD@Noesis@@YA?AV?$Ptr@VLocalFontProvider@NoesisApp@@@0@AAY0P@$$CBD@Z)
main.obj : error LNK2019: unresolved external symbol "__declspec(dllimport) public: static void __cdecl Noesis::BaseObject::operator delete(void *)" (__imp_??3BaseObject@Noesis@@SAXPAX@Z) referenced in function __unwindfunclet$??$MakePtr@VLocalFontProvider@NoesisApp@@AAY0P@$$CBD@Noesis@@YA?AV?$Ptr@VLocalFontProvider@NoesisApp@@@0@AAY0P@$$CBD@Z$0
main.obj : error LNK2019: unresolved external symbol "__declspec(dllimport) public: int __thiscall Noesis::BaseRefCounted::AddReference(void)const " (__imp_?AddReference@BaseRefCounted@Noesis@@QBEHXZ) referenced in function "public: __thiscall Noesis::Ptr<class Noesis::Delegate<void __cdecl(class Noesis::BaseComponent *,struct Noesis::RoutedEventArgs const &)>::MultiDelegate::DelegateVector>::Ptr<class Noesis::Delegate<void __cdecl(class Noesis::BaseComponent *,struct Noesis::RoutedEventArgs const &)>::MultiDelegate::DelegateVector>(class Noesis::Ptr<class Noesis::Delegate<void __cdecl(class Noesis::BaseComponent *,struct Noesis::RoutedEventArgs const &)>::MultiDelegate::DelegateVector> const &)" (??0?$Ptr@VDelegateVector@MultiDelegate@?$Delegate@$$A6AXPAVBaseComponent@Noesis@@ABURoutedEventArgs@2@@Z@Noesis@@@Noesis@@QAE@ABV01@@Z)
main.obj : error LNK2019: unresolved external symbol "__declspec(dllimport) public: int __thiscall Noesis::BaseRefCounted::Release(void)const " (__imp_?Release@BaseRefCounted@Noesis@@QBEHXZ) referenced in function "public: __thiscall Noesis::Ptr<class Noesis::BaseComponent>::~Ptr<class Noesis::BaseComponent>(void)" (??1?$Ptr@VBaseComponent@Noesis@@@Noesis@@QAE@XZ)
main.obj : error LNK2019: unresolved external symbol "__declspec(dllimport) public: __thiscall Noesis::BaseComponent::BaseComponent(void)" (__imp_??0BaseComponent@Noesis@@QAE@XZ) referenced in function "public: __thiscall Noesis::Delegate<void __cdecl(class Noesis::BaseComponent *,struct Noesis::RoutedEventArgs const &)>::MultiDelegate::DelegateVector::DelegateVector(class Noesis::Delegate<void __cdecl(class Noesis::BaseComponent *,struct Noesis::RoutedEventArgs const &)>::MultiDelegate::DelegateVector const &)" (??0DelegateVector@MultiDelegate@?$Delegate@$$A6AXPAVBaseComponent@Noesis@@ABURoutedEventArgs@2@@Z@Noesis@@QAE@ABV0123@@Z)
main.obj : error LNK2019: unresolved external symbol "__declspec(dllimport) public: virtual __thiscall Noesis::BaseComponent::~BaseComponent(void)" (__imp_??1BaseComponent@Noesis@@UAE@XZ) referenced in function __unwindfunclet$??0DelegateVector@MultiDelegate@?$Delegate@$$A6AXPAVBaseComponent@Noesis@@ABURoutedEventArgs@2@@Z@Noesis@@QAE@ABV0123@@Z$0
main.obj : error LNK2019: unresolved external symbol "__declspec(dllimport) void * __cdecl Noesis::Alloc(unsigned int)" (__imp_?Alloc@Noesis@@YAPAXI@Z) referenced in function "protected: void __thiscall Noesis::BaseVector<class Noesis::Delegate<void __cdecl(class Noesis::BaseComponent *,struct Noesis::RoutedEventArgs const &)> >::Grow(unsigned int,struct Noesis::BaseVector<class Noesis::Delegate<void __cdecl(class Noesis::BaseComponent *,struct Noesis::RoutedEventArgs const &)> >::IsPod<0>)" (?Grow@?$BaseVector@V?$Delegate@$$A6AXPAVBaseComponent@Noesis@@ABURoutedEventArgs@2@@Z@Noesis@@@Noesis@@IAEXIU?$IsPod@$0A@@12@@Z)
main.obj : error LNK2019: unresolved external symbol "__declspec(dllimport) void __cdecl Noesis::Dealloc(void *)" (__imp_?Dealloc@Noesis@@YAXPAX@Z) referenced in function "protected: __thiscall Noesis::BaseVector<class Noesis::Delegate<void __cdecl(class Noesis::BaseComponent *,struct Noesis::RoutedEventArgs const &)> >::~BaseVector<class Noesis::Delegate<void __cdecl(class Noesis::BaseComponent *,struct Noesis::RoutedEventArgs const &)> >(void)" (??1?$BaseVector@V?$Delegate@$$A6AXPAVBaseComponent@Noesis@@ABURoutedEventArgs@2@@Z@Noesis@@@Noesis@@IAE@XZ)
main.obj : error LNK2019: unresolved external symbol "__declspec(dllimport) void __cdecl Noesis::SetLicense(char const *,char const *)" (__imp_?SetLicense@Noesis@@YAXPBD0@Z) referenced in function "int __cdecl NsMain(int,char * *)" (?NsMain@@YAHHPAPAD@Z)
main.obj : error LNK2019: unresolved external symbol "__declspec(dllimport) void __cdecl Noesis::Init(void)" (__imp_?Init@Noesis@@YAXXZ) referenced in function "int __cdecl NsMain(int,char * *)" (?NsMain@@YAHHPAPAD@Z)
main.obj : error LNK2019: unresolved external symbol "__declspec(dllimport) void __cdecl Noesis::Shutdown(void)" (__imp_?Shutdown@Noesis@@YAXXZ) referenced in function "int __cdecl NsMain(int,char * *)" (?NsMain@@YAHHPAPAD@Z)
main.obj : error LNK2019: unresolved external symbol "__declspec(dllimport) void (__cdecl*__cdecl Noesis::SetLogHandler(void (__cdecl*)(char const *,unsigned int,unsigned int,char const *,char const *)))(char const *,unsigned int,unsigned int,char const *,char const *)" (__imp_?SetLogHandler@Noesis@@YAP6AXPBDII00@ZP6AX0II00@Z@Z) referenced in function "int __cdecl NsMain(int,char * *)" (?NsMain@@YAHHPAPAD@Z)
main.obj : error LNK2019: unresolved external symbol "__declspec(dllimport) void __cdecl Noesis::GUI::LoadApplicationResources(struct Noesis::Uri const &)" (__imp_?LoadApplicationResources@GUI@Noesis@@YAXABUUri@2@@Z) referenced in function "int __cdecl NsMain(int,char * *)" (?NsMain@@YAHHPAPAD@Z)
main.obj : error LNK2019: unresolved external symbol "__declspec(dllimport) class Noesis::Ptr<class Noesis::BaseComponent> __cdecl Noesis::GUI::LoadXaml(struct Noesis::Uri const &)" (__imp_?LoadXaml@GUI@Noesis@@YA?AV?$Ptr@VBaseComponent@Noesis@@@2@ABUUri@2@@Z) referenced in function "class Noesis::Ptr<class Noesis::UserControl> __cdecl Noesis::GUI::LoadXaml<class Noesis::UserControl>(struct Noesis::Uri const &)" (??$LoadXaml@VUserControl@Noesis@@@GUI@Noesis@@YA?AV?$Ptr@VUserControl@Noesis@@@1@ABUUri@1@@Z)
main.obj : error LNK2019: unresolved external symbol "__declspec(dllimport) class Noesis::Ptr<struct Noesis::IView> __cdecl Noesis::GUI::CreateView(class Noesis::FrameworkElement *)" (__imp_?CreateView@GUI@Noesis@@YA?AV?$Ptr@UIView@Noesis@@@2@PAVFrameworkElement@2@@Z) referenced in function "int __cdecl NsMain(int,char * *)" (?NsMain@@YAHHPAPAD@Z)
main.obj : error LNK2019: unresolved external symbol "__declspec(dllimport) void * __cdecl Noesis::Cast(class Noesis::TypeClass const *,class Noesis::BaseObject *)" (__imp_?Cast@Noesis@@YAPAXPBVTypeClass@1@PAVBaseObject@1@@Z) referenced in function "public: static class Noesis::Button * __cdecl Noesis::DynamicCast_::Apply<class Noesis::Button,class Noesis::BaseComponent>(class Noesis::BaseComponent *)" (??$Apply@VButton@Noesis@@VBaseComponent@2@@DynamicCast_@Noesis@@SAPAVButton@1@PAVBaseComponent@1@@Z)
main.obj : error LNK2019: unresolved external symbol "__declspec(dllimport) public: void __thiscall Noesis::UIElement::AddHandler(class Noesis::RoutedEvent const *,class Noesis::Delegate<void __cdecl(class Noesis::BaseComponent *,struct Noesis::RoutedEventArgs const &)> const &)" (__imp_?AddHandler@UIElement@Noesis@@QAEXPBVRoutedEvent@2@ABV?$Delegate@$$A6AXPAVBaseComponent@Noesis@@ABURoutedEventArgs@2@@Z@2@@Z) referenced in function "public: void __thiscall Noesis::UIElement::RoutedEvent_<class Noesis::Delegate<void __cdecl(class Noesis::BaseComponent *,struct Noesis::RoutedEventArgs const &)> >::operator+=(class Noesis::Delegate<void __cdecl(class Noesis::BaseComponent *,struct Noesis::RoutedEventArgs const &)> const &)" (??Y?$RoutedEvent_@V?$Delegate@$$A6AXPAVBaseComponent@Noesis@@ABURoutedEventArgs@2@@Z@Noesis@@@UIElement@Noesis@@QAEXABV?$Delegate@$$A6AXPAVBaseComponent@Noesis@@ABURoutedEventArgs@2@@Z@2@@Z)
main.obj : error LNK2019: unresolved external symbol "__declspec(dllimport) public: class Noesis::BaseComponent * __thiscall Noesis::FrameworkElement::FindName(char const *)const " (__imp_?FindName@FrameworkElement@Noesis@@QBEPAVBaseComponent@2@PBD@Z) referenced in function "public: class Noesis::Button * __thiscall Noesis::FrameworkElement::FindName<class Noesis::Button>(char const *)const " (??$FindName@VButton@Noesis@@@FrameworkElement@Noesis@@QBEPAVButton@1@PBD@Z)
main.obj : error LNK2019: unresolved external symbol "__declspec(dllimport) public: static class Noesis::TypeClass const * __cdecl Noesis::UserControl::StaticGetClassType(struct Noesis::TypeTag<class Noesis::UserControl> *)" (__imp_?StaticGetClassType@UserControl@Noesis@@SAPBVTypeClass@2@PAU?$TypeTag@VUserControl@Noesis@@@2@@Z) referenced in function "public: static class Noesis::UserControl * __cdecl Noesis::DynamicCast_::Apply<class Noesis::UserControl,class Noesis::BaseComponent>(class Noesis::BaseComponent *)" (??$Apply@VUserControl@Noesis@@VBaseComponent@2@@DynamicCast_@Noesis@@SAPAVUserControl@1@PAVBaseComponent@1@@Z)
main.obj : error LNK2019: unresolved external symbol "__declspec(dllimport) public: class Noesis::UIElement::RoutedEvent_<class Noesis::Delegate<void __cdecl(class Noesis::BaseComponent *,struct Noesis::RoutedEventArgs const &)> > __thiscall Noesis::BaseButton::Click(void)" (__imp_?Click@BaseButton@Noesis@@QAE?AV?$RoutedEvent_@V?$Delegate@$$A6AXPAVBaseComponent@Noesis@@ABURoutedEventArgs@2@@Z@Noesis@@@UIElement@2@XZ) referenced in function "int __cdecl NsMain(int,char * *)" (?NsMain@@YAHHPAPAD@Z)
main.obj : error LNK2019: unresolved external symbol "__declspec(dllimport) public: void __thiscall Noesis::TextBlock::SetText(char const *)" (__imp_?SetText@TextBlock@Noesis@@QAEXPBD@Z) referenced in function "public: __thiscall `int __cdecl NsMain(int,char * *)'::`3'::<lambda_2>::operator()(class Noesis::BaseComponent *,struct Noesis::RoutedEventArgs const &)" (??R<lambda_2>@?2??NsMain@@YAHHPAPAD@Z@QAE@PAVBaseComponent@Noesis@@ABURoutedEventArgs@3@@Z)
main.obj : error LNK2019: unresolved external symbol "__declspec(dllimport) public: static class Noesis::TypeClass const * __cdecl Noesis::TextBlock::StaticGetClassType(struct Noesis::TypeTag<class Noesis::TextBlock> *)" (__imp_?StaticGetClassType@TextBlock@Noesis@@SAPBVTypeClass@2@PAU?$TypeTag@VTextBlock@Noesis@@@2@@Z) referenced in function "public: static class Noesis::TextBlock * __cdecl Noesis::DynamicCast_::Apply<class Noesis::TextBlock,class Noesis::BaseComponent>(class Noesis::BaseComponent *)" (??$Apply@VTextBlock@Noesis@@VBaseComponent@2@@DynamicCast_@Noesis@@SAPAVTextBlock@1@PAVBaseComponent@1@@Z)
main.obj : error LNK2019: unresolved external symbol "__declspec(dllimport) public: static class Noesis::TypeClass const * __cdecl Noesis::Button::StaticGetClassType(struct Noesis::TypeTag<class Noesis::Button> *)" (__imp_?StaticGetClassType@Button@Noesis@@SAPBVTypeClass@2@PAU?$TypeTag@VButton@Noesis@@@2@@Z) referenced in function "public: static class Noesis::Button * __cdecl Noesis::DynamicCast_::Apply<class Noesis::Button,class Noesis::BaseComponent>(class Noesis::BaseComponent *)" (??$Apply@VButton@Noesis@@VBaseComponent@2@@DynamicCast_@Noesis@@SAPAVButton@1@PAVBaseComponent@1@@Z)
main.obj : error LNK2019: unresolved external symbol "__declspec(dllimport) public: __thiscall Noesis::Uri::Uri(char const *)" (__imp_??0Uri@Noesis@@QAE@PBD@Z) referenced in function "int __cdecl NsMain(int,char * *)" (?NsMain@@YAHHPAPAD@Z)
main.obj : error LNK2019: unresolved external symbol "__declspec(dllimport) public: __thiscall Noesis::Uri::~Uri(void)" (__imp_??1Uri@Noesis@@QAE@XZ) referenced in function "int __cdecl NsMain(int,char * *)" (?NsMain@@YAHHPAPAD@Z)
main.obj : error LNK2019: unresolved external symbol "__declspec(dllimport) public: static void __cdecl NoesisApp::Launcher::RegisterAppComponents(void)" (__imp_?RegisterAppComponents@Launcher@NoesisApp@@SAXXZ) referenced in function "int __cdecl NsMain(int,char * *)" (?NsMain@@YAHHPAPAD@Z)
main.obj : error LNK2019: unresolved external symbol "__declspec(dllimport) public: __thiscall NoesisApp::LocalXamlProvider::LocalXamlProvider(char const *)" (__imp_??0LocalXamlProvider@NoesisApp@@QAE@PBD@Z) referenced in function "class Noesis::Ptr<class NoesisApp::LocalXamlProvider> __cdecl Noesis::MakePtr<class NoesisApp::LocalXamlProvider,char const (&)[12]>(char const (&)[12])" (??$MakePtr@VLocalXamlProvider@NoesisApp@@AAY0M@$$CBD@Noesis@@YA?AV?$Ptr@VLocalXamlProvider@NoesisApp@@@0@AAY0M@$$CBD@Z)
main.obj : error LNK2019: unresolved external symbol "__declspec(dllimport) public: virtual __thiscall NoesisApp::LocalXamlProvider::~LocalXamlProvider(void)" (__imp_??1LocalXamlProvider@NoesisApp@@UAE@XZ) referenced in function "public: virtual void * __thiscall NoesisApp::LocalXamlProvider::`scalar deleting destructor'(unsigned int)" (??_GLocalXamlProvider@NoesisApp@@UAEPAXI@Z)
main.obj : error LNK2019: unresolved external symbol "__declspec(dllimport) public: __thiscall NoesisApp::LocalFontProvider::LocalFontProvider(char const *)" (__imp_??0LocalFontProvider@NoesisApp@@QAE@PBD@Z) referenced in function "class Noesis::Ptr<class NoesisApp::LocalFontProvider> __cdecl Noesis::MakePtr<class NoesisApp::LocalFontProvider,char const (&)[15]>(char const (&)[15])" (??$MakePtr@VLocalFontProvider@NoesisApp@@AAY0P@$$CBD@Noesis@@YA?AV?$Ptr@VLocalFontProvider@NoesisApp@@@0@AAY0P@$$CBD@Z)
main.obj : error LNK2019: unresolved external symbol "__declspec(dllimport) public: virtual __thiscall NoesisApp::LocalFontProvider::~LocalFontProvider(void)" (__imp_??1LocalFontProvider@NoesisApp@@UAE@XZ) referenced in function "public: virtual void * __thiscall NoesisApp::LocalFontProvider::`scalar deleting destructor'(unsigned int)" (??_GLocalFontProvider@NoesisApp@@UAEPAXI@Z)
main.obj : error LNK2019: unresolved external symbol "__declspec(dllimport) void __cdecl NoesisApp::SetThemeProviders(class Noesis::XamlProvider *,class Noesis::FontProvider *,class Noesis::TextureProvider *)" (__imp_?SetThemeProviders@NoesisApp@@YAXPAVXamlProvider@Noesis@@PAVFontProvider@3@PAVTextureProvider@3@@Z) referenced in function "int __cdecl NsMain(int,char * *)" (?NsMain@@YAHHPAPAD@Z)
main.obj : error LNK2019: unresolved external symbol "__declspec(dllimport) public: static class Noesis::Ptr<class Noesis::RenderDevice> __cdecl NoesisApp::GLFactory::CreateDevice(bool)" (__imp_?CreateDevice@GLFactory@NoesisApp@@SA?AV?$Ptr@VRenderDevice@Noesis@@@Noesis@@_N@Z) referenced in function "int __cdecl NsMain(int,char * *)" (?NsMain@@YAHHPAPAD@Z)
main.obj : error LNK2001: unresolved external symbol "protected: virtual int __thiscall Noesis::BaseRefCounted::OnDestroy(void)" (?OnDestroy@BaseRefCounted@Noesis@@MAEHXZ)
main.obj : error LNK2001: unresolved external symbol "protected: virtual struct Noesis::FontSource __thiscall Noesis::CachedFontProvider::MatchFont(struct Noesis::Uri const &,char const *,enum Noesis::FontWeight &,enum Noesis::FontStretch &,enum Noesis::FontStyle &)" (?MatchFont@CachedFontProvider@Noesis@@MAE?AUFontSource@2@ABUUri@2@PBDAAW4FontWeight@2@AAW4FontStretch@2@AAW4FontStyle@2@@Z)
main.obj : error LNK2001: unresolved external symbol "protected: virtual bool __thiscall Noesis::CachedFontProvider::FamilyExists(struct Noesis::Uri const &,char const *)" (?FamilyExists@CachedFontProvider@Noesis@@MAE_NABUUri@2@PBD@Z)
main.obj : error LNK2001: unresolved external symbol "public: virtual bool __thiscall Noesis::BaseObject::Equals(class Noesis::BaseObject const *)const " (?Equals@BaseObject@Noesis@@UBE_NPBV12@@Z)
main.obj : error LNK2001: unresolved external symbol "public: virtual class Noesis::FixedString<24> __thiscall Noesis::BaseObject::ToString(void)const " (?ToString@BaseObject@Noesis@@UBE?AV?$FixedString@$0BI@@2@XZ)
main.obj : error LNK2001: unresolved external symbol "public: virtual class Noesis::TypeClass const * __thiscall Noesis::BaseComponent::GetClassType(void)const " (?GetClassType@BaseComponent@Noesis@@UBEPBVTypeClass@2@XZ)
main.obj : error LNK2001: unresolved external symbol "private: virtual void __thiscall NoesisApp::LocalFontProvider::ScanFolder(struct Noesis::Uri const &)" (?ScanFolder@LocalFontProvider@NoesisApp@@EAEXABUUri@Noesis@@@Z)
main.obj : error LNK2001: unresolved external symbol "private: virtual class Noesis::Ptr<class Noesis::Stream> __thiscall NoesisApp::LocalFontProvider::OpenFont(struct Noesis::Uri const &,char const *)const " (?OpenFont@LocalFontProvider@NoesisApp@@EBE?AV?$Ptr@VStream@Noesis@@@Noesis@@ABUUri@4@PBD@Z)
main.obj : error LNK2001: unresolved external symbol "private: virtual class Noesis::Ptr<class Noesis::Stream> __thiscall NoesisApp::LocalXamlProvider::LoadXaml(struct Noesis::Uri const &)" (?LoadXaml@LocalXamlProvider@NoesisApp@@EAE?AV?$Ptr@VStream@Noesis@@@Noesis@@ABUUri@4@@Z)
Renderer.obj : error LNK2019: unresolved external symbol "public: __thiscall Assimp::Importer::Importer(void)" (??0Importer@Assimp@@QAE@XZ) referenced in function "public: bool __thiscall Renderer::loadModel(class std::basic_string<char,struct std::char_traits<char>,class std::allocator<char> > const &,class std::basic_string<char,struct std::char_traits<char>,class std::allocator<char> > const &)" (?loadModel@Renderer@@QAE_NABV?$basic_string@DU?$char_traits@D@std@@V?$allocator@D@2@@std@@0@Z)
Renderer.obj : error LNK2019: unresolved external symbol "public: __thiscall Assimp::Importer::~Importer(void)" (??1Importer@Assimp@@QAE@XZ) referenced in function "public: bool __thiscall Renderer::loadModel(class std::basic_string<char,struct std::char_traits<char>,class std::allocator<char> > const &,class std::basic_string<char,struct std::char_traits<char>,class std::allocator<char> > const &)" (?loadModel@Renderer@@QAE_NABV?$basic_string@DU?$char_traits@D@std@@V?$allocator@D@2@@std@@0@Z)
Renderer.obj : error LNK2019: unresolved external symbol "public: struct aiScene const * __thiscall Assimp::Importer::ReadFile(char const *,unsigned int)" (?ReadFile@Importer@Assimp@@QAEPBUaiScene@@PBDI@Z) referenced in function "public: struct aiScene const * __thiscall Assimp::Importer::ReadFile(class std::basic_string<char,struct std::char_traits<char>,class std::allocator<char> > const &,unsigned int)" (?ReadFile@Importer@Assimp@@QAEPBUaiScene@@ABV?$basic_string@DU?$char_traits@D@std@@V?$allocator@D@2@@std@@I@Z)
Renderer.obj : error LNK2019: unresolved external symbol "public: char const * __thiscall Assimp::Importer::GetErrorString(void)const " (?GetErrorString@Importer@Assimp@@QBEPBDXZ) referenced in function "public: bool __thiscall Renderer::loadModel(class std::basic_string<char,struct std::char_traits<char>,class std::allocator<char> > const &,class std::basic_string<char,struct std::char_traits<char>,class std::allocator<char> > const &)" (?loadModel@Renderer@@QAE_NABV?$basic_string@DU?$char_traits@D@std@@V?$allocator@D@2@@std@@0@Z)
SoundBuffer.obj : error LNK2019: unresolved external symbol __imp__alGetString referenced in function "public: unsigned int __thiscall SoundBuffer::addSoundEffect(char const *)" (?addSoundEffect@SoundBuffer@@QAEIPBD@Z)
SoundBuffer.obj : error LNK2019: unresolved external symbol __imp__alGetError referenced in function "public: unsigned int __thiscall SoundBuffer::addSoundEffect(char const *)" (?addSoundEffect@SoundBuffer@@QAEIPBD@Z)
SoundBuffer.obj : error LNK2019: unresolved external symbol __imp__alGenBuffers referenced in function "public: unsigned int __thiscall SoundBuffer::addSoundEffect(char const *)" (?addSoundEffect@SoundBuffer@@QAEIPBD@Z)
SoundBuffer.obj : error LNK2019: unresolved external symbol __imp__alDeleteBuffers referenced in function "private: __thiscall SoundBuffer::~SoundBuffer(void)" (??1SoundBuffer@@AAE@XZ)
SoundBuffer.obj : error LNK2019: unresolved external symbol __imp__alIsBuffer referenced in function "public: unsigned int __thiscall SoundBuffer::addSoundEffect(char const *)" (?addSoundEffect@SoundBuffer@@QAEIPBD@Z)
SoundBuffer.obj : error LNK2019: unresolved external symbol __imp__alBufferData referenced in function "public: unsigned int __thiscall SoundBuffer::addSoundEffect(char const *)" (?addSoundEffect@SoundBuffer@@QAEIPBD@Z)
SoundBuffer.obj : error LNK2019: unresolved external symbol _sf_open referenced in function "public: unsigned int __thiscall SoundBuffer::addSoundEffect(char const *)" (?addSoundEffect@SoundBuffer@@QAEIPBD@Z)
SoundBuffer.obj : error LNK2019: unresolved external symbol _sf_strerror referenced in function "public: unsigned int __thiscall SoundBuffer::addSoundEffect(char const *)" (?addSoundEffect@SoundBuffer@@QAEIPBD@Z)
SoundBuffer.obj : error LNK2019: unresolved external symbol _sf_command referenced in function "public: unsigned int __thiscall SoundBuffer::addSoundEffect(char const *)" (?addSoundEffect@SoundBuffer@@QAEIPBD@Z)
SoundBuffer.obj : error LNK2019: unresolved external symbol _sf_readf_short referenced in function "public: unsigned int __thiscall SoundBuffer::addSoundEffect(char const *)" (?addSoundEffect@SoundBuffer@@QAEIPBD@Z)
SoundBuffer.obj : error LNK2019: unresolved external symbol _sf_close referenced in function "public: unsigned int __thiscall SoundBuffer::addSoundEffect(char const *)" (?addSoundEffect@SoundBuffer@@QAEIPBD@Z)
SoundDevice.obj : error LNK2019: unresolved external symbol __imp__alcCreateContext referenced in function "private: __thiscall SoundDevice::SoundDevice(void)" (??0SoundDevice@@AAE@XZ)
SoundDevice.obj : error LNK2019: unresolved external symbol __imp__alcMakeContextCurrent referenced in function "private: __thiscall SoundDevice::SoundDevice(void)" (??0SoundDevice@@AAE@XZ)
SoundDevice.obj : error LNK2019: unresolved external symbol __imp__alcDestroyContext referenced in function "private: __thiscall SoundDevice::~SoundDevice(void)" (??1SoundDevice@@AAE@XZ)
SoundDevice.obj : error LNK2019: unresolved external symbol __imp__alcOpenDevice referenced in function "private: __thiscall SoundDevice::SoundDevice(void)" (??0SoundDevice@@AAE@XZ)
SoundDevice.obj : error LNK2019: unresolved external symbol __imp__alcCloseDevice referenced in function "private: __thiscall SoundDevice::~SoundDevice(void)" (??1SoundDevice@@AAE@XZ)
SoundDevice.obj : error LNK2019: unresolved external symbol __imp__alcGetError referenced in function "private: __thiscall SoundDevice::SoundDevice(void)" (??0SoundDevice@@AAE@XZ)
SoundDevice.obj : error LNK2019: unresolved external symbol __imp__alcIsExtensionPresent referenced in function "private: __thiscall SoundDevice::SoundDevice(void)" (??0SoundDevice@@AAE@XZ)
SoundDevice.obj : error LNK2019: unresolved external symbol __imp__alcGetString referenced in function "private: __thiscall SoundDevice::SoundDevice(void)" (??0SoundDevice@@AAE@XZ)
SoundDevice.obj : error LNK2019: unresolved external symbol __imp__alDistanceModel referenced in function "private: __thiscall SoundDevice::SoundDevice(void)" (??0SoundDevice@@AAE@XZ)
SoundDevice.obj : error LNK2019: unresolved external symbol __imp__alListener3f referenced in function "public: void __thiscall SoundDevice::SetPosition(struct glm::vec<3,float,0>)" (?SetPosition@SoundDevice@@QAEXU?$vec@$02M$0A@@glm@@@Z)
SoundDevice.obj : error LNK2019: unresolved external symbol __imp__alListenerfv referenced in function "public: void __thiscall SoundDevice::SetOrientation(struct glm::vec<3,float,0>,struct glm::vec<3,float,0>)" (?SetOrientation@SoundDevice@@QAEXU?$vec@$02M$0A@@glm@@0@Z)
SoundSource.obj : error LNK2019: unresolved external symbol __imp__alGenSources referenced in function "public: __thiscall SoundSource::SoundSource(float,float,struct glm::vec<3,float,0>,struct glm::vec<3,float,0>,bool,bool)" (??0SoundSource@@QAE@MMU?$vec@$02M$0A@@glm@@0_N1@Z)
SoundSource.obj : error LNK2019: unresolved external symbol __imp__alDeleteSources referenced in function "public: __thiscall SoundSource::~SoundSource(void)" (??1SoundSource@@QAE@XZ)
SoundSource.obj : error LNK2019: unresolved external symbol __imp__alSourcef referenced in function "public: __thiscall SoundSource::SoundSource(float,float,struct glm::vec<3,float,0>,struct glm::vec<3,float,0>,bool,bool)" (??0SoundSource@@QAE@MMU?$vec@$02M$0A@@glm@@0_N1@Z)
SoundSource.obj : error LNK2019: unresolved external symbol __imp__alSource3f referenced in function "public: __thiscall SoundSource::SoundSource(float,float,struct glm::vec<3,float,0>,struct glm::vec<3,float,0>,bool,bool)" (??0SoundSource@@QAE@MMU?$vec@$02M$0A@@glm@@0_N1@Z)
SoundSource.obj : error LNK2019: unresolved external symbol __imp__alSourcei referenced in function "public: __thiscall SoundSource::SoundSource(float,float,struct glm::vec<3,float,0>,struct glm::vec<3,float,0>,bool,bool)" (??0SoundSource@@QAE@MMU?$vec@$02M$0A@@glm@@0_N1@Z)
SoundSource.obj : error LNK2019: unresolved external symbol __imp__alGetSourcef referenced in function "public: float __thiscall SoundSource::GetGain(void)" (?GetGain@SoundSource@@QAEMXZ)
SoundSource.obj : error LNK2019: unresolved external symbol __imp__alGetSource3f referenced in function "public: struct glm::vec<3,float,0> __thiscall SoundSource::GetPosition(void)" (?GetPosition@SoundSource@@QAE?AU?$vec@$02M$0A@@glm@@XZ)
SoundSource.obj : error LNK2019: unresolved external symbol __imp__alGetSourcei referenced in function "public: void __thiscall SoundSource::Pause(void)" (?Pause@SoundSource@@QAEXXZ)
SoundSource.obj : error LNK2019: unresolved external symbol __imp__alSourcePlay referenced in function "public: void __thiscall SoundSource::Play(unsigned int)" (?Play@SoundSource@@QAEXI@Z)
SoundSource.obj : error LNK2019: unresolved external symbol __imp__alSourceStop referenced in function "public: void __thiscall SoundSource::Play(unsigned int)" (?Play@SoundSource@@QAEXI@Z)
SoundSource.obj : error LNK2019: unresolved external symbol __imp__alSourcePause referenced in function "public: void __thiscall SoundSource::Pause(void)" (?Pause@SoundSource@@QAEXXZ)
G:\DevData\school\GridstateEngine\\external\glfw3dll.lib : warning LNK4272: library machine type 'x64' conflicts with target machine type 'x86'
G:\DevData\school\GridstateEngine\\external\assimp-vc143-mt.lib : warning LNK4272: library machine type 'x64' conflicts with target machine type 'x86'
G:\DevData\school\GridstateEngine\\external\OpenAL32.lib : warning LNK4272: library machine type 'x64' conflicts with target machine type 'x86'
G:\DevData\school\GridstateEngine\\external\libsndfile-1.lib : warning LNK4272: library machine type 'x64' conflicts with target machine type 'x86'
G:\DevData\school\GridstateEngine\\external\Noesis.lib : warning LNK4272: library machine type 'x64' conflicts with target machine type 'x86'
G:\DevData\school\GridstateEngine\\external\NoesisApp.lib : warning LNK4272: library machine type 'x64' conflicts with target machine type 'x86'
G:\DevData\school\GridstateEngine\Debug\GridstateEngine.exe : fatal error LNK1120: 92 unresolved externals
